MARSINC2/MARSINC/MARSINC/build/intermediates/manifest_merge_blame_file/debug/manifest-merger-blame-debug-report.txt
1<?xml version="1.0" encoding="utf-8"?>
2<manifest xmlns:android="http://schemas.android.com/apk/res/android"
3    package="com.example.myapplication"
4    android:versionCode="1"
5    android:versionName="1.0" >
6
7    <uses-sdk
8        android:minSdkVersion="23"
8-->src\main\AndroidManifest.xml
9        android:targetSdkVersion="29" />
9-->src\main\AndroidManifest.xml
10
11    <uses-permission android:name="android.permission.INTERNET" />
11-->src\main\AndroidManifest.xml:4:5-66
11-->src\main\AndroidManifest.xml:4:22-64
12    <uses-permission android:name="android.permission.ACCESS_NETWORK_STATE" />
12-->src\main\AndroidManifest.xml:5:5-79
12-->src\main\AndroidManifest.xml:5:22-76
13    <uses-permission android:name="android.permission.ACCESS_FINE_LOCATION" />
13-->src\main\AndroidManifest.xml:6:5-79
13-->src\main\AndroidManifest.xml:6:22-76
14    <uses-permission android:name="android.permission.ACCESS_COARSE_LOCATION" />
14-->src\main\AndroidManifest.xml:7:5-81
14-->src\main\AndroidManifest.xml:7:22-78
15
16    <uses-feature
16-->src\main\AndroidManifest.xml:9:5-11:34
17        android:glEsVersion="0x00020000"
17-->src\main\AndroidManifest.xml:10:9-41
18        android:required="true" />
18-->src\main\AndroidManifest.xml:11:9-32
19
20    <application
20-->src\main\AndroidManifest.xml:12:5-28:19
21        android:allowBackup="true"
21-->src\main\AndroidManifest.xml:13:9-35
22        android:appComponentFactory="androidx.core.app.CoreComponentFactory"
22-->[androidx.core:core:1.0.1] AndroidManifest.xml:22:18-86
23        android:debuggable="true"
24        android:icon="@mipmap/ic_launcher"
24-->src\main\AndroidManifest.xml:14:9-43
25        android:label="@string/app_name"
25-->src\main\AndroidManifest.xml:15:9-41
26        android:roundIcon="@mipmap/ic_launcher_round"
26-->src\main\AndroidManifest.xml:16:9-54
27        android:supportsRtl="true"
27-->src\main\AndroidManifest.xml:17:9-35
28        android:testOnly="true"
29        android:theme="@style/AppTheme" >
29-->src\main\AndroidManifest.xml:18:9-40
30        <activity android:name="com.example.myapplication.Activity3" />
30-->src\main\AndroidManifest.xml:19:9-56
30-->src\main\AndroidManifest.xml:19:19-44
31        <activity android:name="com.example.myapplication.Activity2" />
31-->src\main\AndroidManifest.xml:20:9-47
31-->src\main\AndroidManifest.xml:20:19-44
32        <activity android:name="com.example.myapplication.MainActivity" >
32-->src\main\AndroidManifest.xml:21:9-27:20
32-->src\main\AndroidManifest.xml:21:19-47
33            <intent-filter>
33-->src\main\AndroidManifest.xml:22:13-26:29
34                <action android:name="android.intent.action.MAIN" />
34-->src\main\AndroidManifest.xml:23:17-69
34-->src\main\AndroidManifest.xml:23:25-66
35
36                <category android:name="android.intent.category.LAUNCHER" />
36-->src\main\AndroidManifest.xml:25:17-77
36-->src\main\AndroidManifest.xml:25:27-74
37            </intent-filter>
38        </activity>
39        <activity
39-->[com.google.android.gms:play-services-base:9.8.0] AndroidManifest.xml:19:9-172
40            android:name="com.google.android.gms.common.api.GoogleApiActivity"
40-->[com.google.android.gms:play-services-base:9.8.0] AndroidManifest.xml:19:19-85
41            android:exported="false"
41-->[com.google.android.gms:play-services-base:9.8.0] AndroidManifest.xml:19:146-170
42            android:theme="@android:style/Theme.Translucent.NoTitleBar" />
42-->[com.google.android.gms:play-services-base:9.8.0] AndroidManifest.xml:19:86-145
43
44        <meta-data
44-->[com.google.android.gms:play-services-basement:9.8.0] AndroidManifest.xml:20:9-121
45            android:name="com.google.android.gms.version"
45-->[com.google.android.gms:play-services-basement:9.8.0] AndroidManifest.xml:20:20-65
46            android:value="@integer/google_play_services_version" />
46-->[com.google.android.gms:play-services-basement:9.8.0] AndroidManifest.xml:20:66-119
47
48        <provider
48-->[androidx.lifecycle:lifecycle-process:2.0.0] AndroidManifest.xml:23:9-27:43
49            android:name="androidx.lifecycle.ProcessLifecycleOwnerInitializer"
49-->[androidx.lifecycle:lifecycle-process:2.0.0] AndroidManifest.xml:24:13-79
50            android:authorities="com.example.myapplication.lifecycle-process"
50-->[androidx.lifecycle:lifecycle-process:2.0.0] AndroidManifest.xml:25:13-69
51            android:exported="false"
51-->[androidx.lifecycle:lifecycle-process:2.0.0] AndroidManifest.xml:26:13-37
52            android:multiprocess="true" />
52-->[androidx.lifecycle:lifecycle-process:2.0.0] AndroidManifest.xml:27:13-40
53    </application>
54
55</manifest>